2017-03-14 17:27:30,672 - ResourceManager : found views/${model.tableName}/_form.html.erb with loader com.ssj.jdbcfront.template.ResourceLoader
2017-03-14 17:27:30,672 - ResourceManager : found STRING:views/${model.tableName}/_form.html.erb with loader com.ssj.jdbcfront.template.ResourceLoader
2017-03-14 17:27:30,673 - ResourceManager : found views/${model.tableName}/show.html.erb with loader com.ssj.jdbcfront.template.ResourceLoader
2017-03-14 17:27:30,674 - ResourceManager : found STRING:views/${model.tableName}/show.html.erb with loader com.ssj.jdbcfront.template.ResourceLoader
2017-03-14 17:27:30,674 - ResourceManager : found helpers/${model.name}_helper.rb with loader com.ssj.jdbcfront.template.ResourceLoader
2017-03-14 17:27:30,675 - ResourceManager : found STRING:helpers/${model.name}_helper.rb with loader com.ssj.jdbcfront.template.ResourceLoader
2017-03-14 17:30:35,187 - Log4JLogChute initialized using file 'velocity.log'
2017-03-14 17:30:35,187 - The version of log4j being used does not support the "trace" level.
2017-03-14 17:30:35,187 - Initializing Velocity, Calling init()...
2017-03-14 17:30:35,187 - *******************************************************************
2017-03-14 17:30:35,187 - Starting Apache Velocity v1.7 (compiled: 2010-11-19 12:14:37)
2017-03-14 17:30:35,187 - RuntimeInstance initializing.
2017-03-14 17:30:35,187 - Default Properties File: org/apache/velocity/runtime/defaults/velocity.properties
2017-03-14 17:30:35,187 - Trying to use logger class org.apache.velocity.runtime.log.AvalonLogChute
2017-03-14 17:30:35,187 - Target log system for org.apache.velocity.runtime.log.AvalonLogChute is not available (java.lang.NoClassDefFoundError: org/apache/log/format/Formatter).  Falling back to next log system...
2017-03-14 17:30:35,187 - Trying to use logger class org.apache.velocity.runtime.log.Log4JLogChute
2017-03-14 17:30:35,187 - Using logger class org.apache.velocity.runtime.log.Log4JLogChute
2017-03-14 17:30:35,187 - Default ResourceManager initializing. (class org.apache.velocity.runtime.resource.ResourceManagerImpl)
2017-03-14 17:30:35,187 - ResourceLoader instantiated: com.ssj.jdbcfront.template.ResourceLoader
2017-03-14 17:30:35,187 - FileResourceLoader : initialization starting.
2017-03-14 17:30:35,187 - Do unicode file recognition:  false
2017-03-14 17:30:35,187 - FileResourceLoader : adding path '/home/wangtao/eclipseWorkSpace/jar/templete'
2017-03-14 17:30:35,187 - FileResourceLoader : initialization complete.
2017-03-14 17:30:35,187 - ResourceCache: initialized (class org.apache.velocity.runtime.resource.ResourceCacheImpl) with class java.util.Collections$SynchronizedMap cache map.
2017-03-14 17:30:35,187 - Default ResourceManager initialization complete.
2017-03-14 17:30:35,188 - Loaded System Directive: org.apache.velocity.runtime.directive.Stop
2017-03-14 17:30:35,188 - Loaded System Directive: org.apache.velocity.runtime.directive.Define
2017-03-14 17:30:35,188 - Loaded System Directive: org.apache.velocity.runtime.directive.Break
2017-03-14 17:30:35,188 - Loaded System Directive: org.apache.velocity.runtime.directive.Evaluate
2017-03-14 17:30:35,188 - Loaded System Directive: org.apache.velocity.runtime.directive.Literal
2017-03-14 17:30:35,188 - Loaded System Directive: org.apache.velocity.runtime.directive.Macro
2017-03-14 17:30:35,188 - Loaded System Directive: org.apache.velocity.runtime.directive.Parse
2017-03-14 17:30:35,188 - Loaded System Directive: org.apache.velocity.runtime.directive.Include
2017-03-14 17:30:35,188 - Loaded System Directive: org.apache.velocity.runtime.directive.Foreach
2017-03-14 17:30:35,190 - Created '20' parsers.
2017-03-14 17:30:35,191 - Velocimacro : initialization starting.
2017-03-14 17:30:35,191 - Velocimacro : "velocimacro.library" is not set.  Trying default library: VM_global_library.vm
2017-03-14 17:30:35,191 - Velocimacro : adding VMs from VM library : VM_global_library.vm
2017-03-14 17:30:35,191 - ResourceManager : found VM_global_library.vm with loader com.ssj.jdbcfront.template.ResourceLoader
2017-03-14 17:30:35,191 - Velocimacro : VM library registration complete.
2017-03-14 17:30:35,191 - Velocimacro : allowInline = true : VMs can be defined inline in templates
2017-03-14 17:30:35,191 - Velocimacro : allowInlineToOverride = false : VMs defined inline may NOT replace previous VM definitions
2017-03-14 17:30:35,191 - Velocimacro : allowInlineLocal = false : VMs defined inline will be global in scope if allowed.
2017-03-14 17:30:35,191 - Velocimacro : autoload off : VM system will not automatically reload global library macros
2017-03-14 17:30:35,191 - Velocimacro : Velocimacro : initialization complete.
2017-03-14 17:30:35,191 - RuntimeInstance successfully initialized.
2017-03-14 17:30:35,194 - ResourceManager : found controllers/${model.tableName}_controller.rb with loader com.ssj.jdbcfront.template.ResourceLoader
2017-03-14 17:30:35,194 - ResourceManager : found STRING:controllers/${model.tableName}_controller.rb with loader com.ssj.jdbcfront.template.ResourceLoader
2017-03-14 17:30:35,197 - ResourceManager : found routes.rb with loader com.ssj.jdbcfront.template.ResourceLoader
2017-03-14 17:30:35,197 - ResourceManager : found STRING:routes.rb with loader com.ssj.jdbcfront.template.ResourceLoader
2017-03-14 17:30:35,198 - ResourceManager : found models/${model.tableDsName}.rb with loader com.ssj.jdbcfront.template.ResourceLoader
2017-03-14 17:30:35,199 - ResourceManager : found STRING:models/${model.tableDsName}.rb with loader com.ssj.jdbcfront.template.ResourceLoader
2017-03-14 17:30:35,200 - ResourceManager : found views/${model.tableName}/index.json.jbuilder with loader com.ssj.jdbcfront.template.ResourceLoader
2017-03-14 17:30:35,200 - ResourceManager : found STRING:views/${model.tableName}/index.json.jbuilder with loader com.ssj.jdbcfront.template.ResourceLoader
2017-03-14 17:30:35,202 - ResourceManager : found views/${model.tableName}/index.xls.erb with loader com.ssj.jdbcfront.template.ResourceLoader
2017-03-14 17:30:35,203 - ResourceManager : found STRING:views/${model.tableName}/index.xls.erb with loader com.ssj.jdbcfront.template.ResourceLoader
2017-03-14 17:30:35,204 - ResourceManager : found views/${model.tableName}/new.html.erb with loader com.ssj.jdbcfront.template.ResourceLoader
2017-03-14 17:30:35,204 - ResourceManager : found STRING:views/${model.tableName}/new.html.erb with loader com.ssj.jdbcfront.template.ResourceLoader
2017-03-14 17:30:35,205 - ResourceManager : found views/${model.tableName}/showall.html.erb with loader com.ssj.jdbcfront.template.ResourceLoader
2017-03-14 17:30:35,206 - ResourceManager : found STRING:views/${model.tableName}/showall.html.erb with loader com.ssj.jdbcfront.template.ResourceLoader
2017-03-14 17:30:35,208 - ResourceManager : found views/${model.tableName}/index.html.erb with loader com.ssj.jdbcfront.template.ResourceLoader
2017-03-14 17:30:35,208 - ResourceManager : found STRING:views/${model.tableName}/index.html.erb with loader com.ssj.jdbcfront.template.ResourceLoader
2017-03-14 17:30:35,209 - ResourceManager : found views/${model.tableName}/_${model.tableDsName}.json.jbuilder with loader com.ssj.jdbcfront.template.ResourceLoader
2017-03-14 17:30:35,210 - ResourceManager : found STRING:views/${model.tableName}/_${model.tableDsName}.json.jbuilder with loader com.ssj.jdbcfront.template.ResourceLoader
2017-03-14 17:30:35,211 - ResourceManager : found views/${model.tableName}/showall.pdf.erb with loader com.ssj.jdbcfront.template.ResourceLoader
2017-03-14 17:30:35,211 - ResourceManager : found STRING:views/${model.tableName}/showall.pdf.erb with loader com.ssj.jdbcfront.template.ResourceLoader
2017-03-14 17:30:35,212 - ResourceManager : found views/${model.tableName}/edit.html.erb with loader com.ssj.jdbcfront.template.ResourceLoader
2017-03-14 17:30:35,212 - ResourceManager : found STRING:views/${model.tableName}/edit.html.erb with loader com.ssj.jdbcfront.template.ResourceLoader
2017-03-14 17:30:35,213 - ResourceManager : found views/${model.tableName}/show.json.jbuilder with loader com.ssj.jdbcfront.template.ResourceLoader
2017-03-14 17:30:35,213 - ResourceManager : found STRING:views/${model.tableName}/show.json.jbuilder with loader com.ssj.jdbcfront.template.ResourceLoader
2017-03-14 17:30:35,214 - ResourceManager : found views/${model.tableName}/_form.html.erb with loader com.ssj.jdbcfront.template.ResourceLoader
2017-03-14 17:30:35,215 - ResourceManager : found STRING:views/${model.tableName}/_form.html.erb with loader com.ssj.jdbcfront.template.ResourceLoader
2017-03-14 17:30:35,216 - ResourceManager : found views/${model.tableName}/show.html.erb with loader com.ssj.jdbcfront.template.ResourceLoader
2017-03-14 17:30:35,216 - ResourceManager : found STRING:views/${model.tableName}/show.html.erb with loader com.ssj.jdbcfront.template.ResourceLoader
2017-03-14 17:30:35,217 - ResourceManager : found helpers/${model.name}_helper.rb with loader com.ssj.jdbcfront.template.ResourceLoader
2017-03-14 17:30:35,218 - ResourceManager : found STRING:helpers/${model.name}_helper.rb with loader com.ssj.jdbcfront.template.ResourceLoader
